Started GET "/" for 127.0.0.1 at 2017-07-13 10:00:39 -0700
Processing by Rails::WelcomeController#index as HTML
  Rendering /Users/louiscruz/.rbenv/versions/2.4.1/lib/ruby/gems/2.4.0/gems/railties-5.1.2/lib/rails/templates/rails/welcome/index.html.erb
  Rendered /Users/louiscruz/.rbenv/versions/2.4.1/lib/ruby/gems/2.4.0/gems/railties-5.1.2/lib/rails/templates/rails/welcome/index.html.erb (8.3ms)
Completed 200 OK in 708ms (Views: 25.2ms)


Started GET "/books" for 127.0.0.1 at 2017-07-13 10:00:47 -0700
Processing by BooksController#index as HTML
Completed 500 Internal Server Error in 3ms


  
NameError (uninitialized constant BooksController::Book):
  
app/controllers/books_controller.rb:3:in `index'
  [1m[35m (61.0ms)[0m  [1m[35mCREATE TABLE "schema_migrations" ("version" character varying NOT NULL PRIMARY KEY)[0m
  [1m[35m (19.6ms)[0m  [1m[35mCREATE TABLE "ar_internal_metadata" ("key" character varying NOT NULL PRIMARY KEY, "value" character varying, "created_at" timestamp NOT NULL, "updated_at" timestamp NOT NULL)[0m
  [1m[35m (1.4ms)[0m  [1m[34mSELECT pg_try_advisory_lock(5288427128707212630);[0m
  [1m[35m (3.8ms)[0m  [1m[34mSELECT "schema_migrations"."version" FROM "schema_migrations" ORDER BY "schema_migrations"."version" ASC[0m
Migrating to CreateBooks (20170713170142)
  [1m[35m (0.6ms)[0m  [1m[34mSELECT pg_advisory_unlock(5288427128707212630)[0m
  [1m[35m (0.3ms)[0m  [1m[34mSELECT pg_try_advisory_lock(5288427128707212630);[0m
  [1m[35m (1.4ms)[0m  [1m[34mSELECT "schema_migrations"."version" FROM "schema_migrations" ORDER BY "schema_migrations"."version" ASC[0m
Migrating to CreateBooks (20170713170142)
  [1m[35m (0.2ms)[0m  [1m[35mBEGIN[0m
  [1m[35m (29.3ms)[0m  [1m[35mCREATE TABLE "books" ("id" bigserial primary key, "title" character varying NOT NULL, "author" character varying NOT NULL, "created_at" timestamp NOT NULL, "updated_at" timestamp NOT NULL)[0m
  [1m[35mSQL (0.8ms)[0m  [1m[32mINSERT INTO "schema_migrations" ("version") VALUES ($1) RETURNING "version"[0m  [["version", "20170713170142"]]
  [1m[35m (2.4ms)[0m  [1m[35mCOMMIT[0m
  [1m[36mActiveRecord::InternalMetadata Load (3.2ms)[0m  [1m[34mSELECT  "ar_internal_metadata".* FROM "ar_internal_metadata" WHERE "ar_internal_metadata"."key" = $1 LIMIT $2[0m  [["key", "environment"], ["LIMIT", 1]]
  [1m[35m (0.3ms)[0m  [1m[35mBEGIN[0m
  [1m[35mSQL (0.8ms)[0m  [1m[32mINSERT INTO "ar_internal_metadata" ("key", "value", "created_at", "updated_at") VALUES ($1, $2, $3, $4) RETURNING "key"[0m  [["key", "environment"], ["value", "development"], ["created_at", "2017-07-13 17:04:33.834685"], ["updated_at", "2017-07-13 17:04:33.834685"]]
  [1m[35m (2.4ms)[0m  [1m[35mCOMMIT[0m
  [1m[35m (0.4ms)[0m  [1m[34mSELECT pg_advisory_unlock(5288427128707212630)[0m
  [1m[35m (0.6ms)[0m  [1m[34mSELECT "schema_migrations"."version" FROM "schema_migrations" ORDER BY "schema_migrations"."version" ASC[0m
Started GET "/books" for 127.0.0.1 at 2017-07-13 10:05:04 -0700
  [1m[35m (1.4ms)[0m  [1m[34mSELECT "schema_migrations"."version" FROM "schema_migrations" ORDER BY "schema_migrations"."version" ASC[0m
Processing by BooksController#index as HTML
Completed 500 Internal Server Error in 42ms (ActiveRecord: 0.0ms)


  
ActionView::MissingTemplate (Missing template books/index, application/index with {:locale=>[:en], :formats=>[:html], :variants=>[], :handlers=>[:raw, :erb, :html, :builder, :ruby, :coffee, :jbuilder]}. Searched in:
  * "/Users/louiscruz/Desktop/app-academy-repos/curriculum/rails/homeworks/library/solution/app/views"
):
  
app/controllers/books_controller.rb:7:in `index'
Started GET "/books" for 127.0.0.1 at 2017-07-13 10:05:33 -0700
Processing by BooksController#index as HTML
  Rendering books/index.html.erb within layouts/application
  [1m[36mBook Load (3.5ms)[0m  [1m[34mSELECT "books".* FROM "books"[0m
  Rendered books/index.html.erb within layouts/application (25.3ms)
Completed 200 OK in 903ms (Views: 887.4ms | ActiveRecord: 14.9ms)


Started GET "/books/new" for 127.0.0.1 at 2017-07-13 10:05:38 -0700
Processing by BooksController#new as HTML
  Rendering books/new.html.erb within layouts/application
  Rendered books/new.html.erb within layouts/application (1.9ms)
Completed 200 OK in 42ms (Views: 40.8ms | ActiveRecord: 0.0ms)


Started GET "/books" for 127.0.0.1 at 2017-07-13 10:05:57 -0700
  [1m[35m (1.2ms)[0m  [1m[34mSELECT "schema_migrations"."version" FROM "schema_migrations" ORDER BY "schema_migrations"."version" ASC[0m
Processing by BooksController#index as HTML
  Rendering books/index.html.erb within layouts/application
  [1m[36mBook Load (1.1ms)[0m  [1m[34mSELECT "books".* FROM "books"[0m
  Rendered books/index.html.erb within layouts/application (9.7ms)
Completed 200 OK in 364ms (Views: 340.8ms | ActiveRecord: 4.0ms)


  [1m[35m (1.0ms)[0m  [1m[34mSELECT "schema_migrations"."version" FROM "schema_migrations" ORDER BY "schema_migrations"."version" ASC[0m
  [1m[35m (0.3ms)[0m  [1m[35mBEGIN[0m
  [1m[35mSQL (1.2ms)[0m  [1m[32mINSERT INTO "books" ("title", "author", "created_at", "updated_at") VALUES ($1, $2, $3, $4) RETURNING "id"[0m  [["title", "Harry Potter and the Order of the Phoenix"], ["author", "J.K. Rowling"], ["created_at", "2017-07-13 17:06:17.207858"], ["updated_at", "2017-07-13 17:06:17.207858"]]
  [1m[35m (2.4ms)[0m  [1m[35mCOMMIT[0m
  [1m[35m (0.2ms)[0m  [1m[35mBEGIN[0m
  [1m[35mSQL (0.5ms)[0m  [1m[32mINSERT INTO "books" ("title", "author", "created_at", "updated_at") VALUES ($1, $2, $3, $4) RETURNING "id"[0m  [["title", "Lost Names"], ["author", "Richard E. Kim"], ["created_at", "2017-07-13 17:06:17.214110"], ["updated_at", "2017-07-13 17:06:17.214110"]]
  [1m[35m (2.4ms)[0m  [1m[35mCOMMIT[0m
  [1m[35m (0.2ms)[0m  [1m[35mBEGIN[0m
  [1m[35mSQL (0.4ms)[0m  [1m[32mINSERT INTO "books" ("title", "author", "created_at", "updated_at") VALUES ($1, $2, $3, $4) RETURNING "id"[0m  [["title", "Extremely Loud and Incredibly Close"], ["author", "Jonathan Safran Foer"], ["created_at", "2017-07-13 17:06:17.218872"], ["updated_at", "2017-07-13 17:06:17.218872"]]
  [1m[35m (2.3ms)[0m  [1m[35mCOMMIT[0m
  [1m[35m (0.2ms)[0m  [1m[35mBEGIN[0m
  [1m[35mSQL (0.5ms)[0m  [1m[32mINSERT INTO "books" ("title", "author", "created_at", "updated_at") VALUES ($1, $2, $3, $4) RETURNING "id"[0m  [["title", "Man Alive"], ["author", "Thomas Page McBee"], ["created_at", "2017-07-13 17:06:17.223380"], ["updated_at", "2017-07-13 17:06:17.223380"]]
  [1m[35m (2.7ms)[0m  [1m[35mCOMMIT[0m
  [1m[35m (0.2ms)[0m  [1m[35mBEGIN[0m
  [1m[35mSQL (0.4ms)[0m  [1m[32mINSERT INTO "books" ("title", "author", "created_at", "updated_at") VALUES ($1, $2, $3, $4) RETURNING "id"[0m  [["title", "The Argonauts"], ["author", "Maggie Nelson"], ["created_at", "2017-07-13 17:06:17.228339"], ["updated_at", "2017-07-13 17:06:17.228339"]]
  [1m[35m (2.3ms)[0m  [1m[35mCOMMIT[0m
  [1m[35m (0.2ms)[0m  [1m[35mBEGIN[0m
  [1m[35mSQL (0.6ms)[0m  [1m[32mINSERT INTO "books" ("title", "author", "created_at", "updated_at") VALUES ($1, $2, $3, $4) RETURNING "id"[0m  [["title", "A Little Life"], ["author", "Hanya Yanagihara"], ["created_at", "2017-07-13 17:06:17.233093"], ["updated_at", "2017-07-13 17:06:17.233093"]]
  [1m[35m (2.3ms)[0m  [1m[35mCOMMIT[0m
  [1m[35m (0.2ms)[0m  [1m[35mBEGIN[0m
  [1m[35mSQL (0.6ms)[0m  [1m[32mINSERT INTO "books" ("title", "author", "created_at", "updated_at") VALUES ($1, $2, $3, $4) RETURNING "id"[0m  [["title", "The Sovereignty of Quiet"], ["author", "Kevin Everod Quashie"], ["created_at", "2017-07-13 17:06:17.238373"], ["updated_at", "2017-07-13 17:06:17.238373"]]
  [1m[35m (2.3ms)[0m  [1m[35mCOMMIT[0m
  [1m[35m (0.2ms)[0m  [1m[35mBEGIN[0m
  [1m[35mSQL (0.6ms)[0m  [1m[32mINSERT INTO "books" ("title", "author", "created_at", "updated_at") VALUES ($1, $2, $3, $4) RETURNING "id"[0m  [["title", "Redefining Realness"], ["author", "Janet Mock"], ["created_at", "2017-07-13 17:06:17.243690"], ["updated_at", "2017-07-13 17:06:17.243690"]]
  [1m[35m (2.3ms)[0m  [1m[35mCOMMIT[0m
Started GET "/books" for 127.0.0.1 at 2017-07-13 10:06:34 -0700
  [1m[35m (1.8ms)[0m  [1m[34mSELECT "schema_migrations"."version" FROM "schema_migrations" ORDER BY "schema_migrations"."version" ASC[0m
Processing by BooksController#index as HTML
  Rendering books/index.html.erb within layouts/application
  [1m[36mBook Load (2.0ms)[0m  [1m[34mSELECT "books".* FROM "books"[0m
  Rendered books/index.html.erb within layouts/application (20.6ms)
Completed 200 OK in 290ms (Views: 267.7ms | ActiveRecord: 7.9ms)


Started DELETE "/books/1" for 127.0.0.1 at 2017-07-13 10:06:42 -0700
Processing by BooksController#destroy as HTML
  Parameters: {"authenticity_token"=>"BucOrDSQQzrYnFs2vg2QfkljN4q5ySll8BM6/zjZSJeBHmq0n2Vple4x8aVxJSPyepEMhaxtp4vIow5tDNrEVA==", "id"=>"1"}
  [1m[36mBook Load (0.4ms)[0m  [1m[34mSELECT  "books".* FROM "books" WHERE "books"."id" = $1 LIMIT $2[0m  [["id", 1], ["LIMIT", 1]]
  [1m[35m (0.2ms)[0m  [1m[35mBEGIN[0m
  [1m[35mSQL (0.4ms)[0m  [1m[31mDELETE FROM "books" WHERE "books"."id" = $1[0m  [["id", 1]]
  [1m[35m (2.5ms)[0m  [1m[35mCOMMIT[0m
Redirected to http://localhost:3000/books
Completed 302 Found in 12ms (ActiveRecord: 3.9ms)


Started GET "/books" for 127.0.0.1 at 2017-07-13 10:06:42 -0700
Processing by BooksController#index as HTML
  Rendering books/index.html.erb within layouts/application
  [1m[36mBook Load (0.3ms)[0m  [1m[34mSELECT "books".* FROM "books"[0m
  Rendered books/index.html.erb within layouts/application (3.6ms)
Completed 200 OK in 39ms (Views: 37.7ms | ActiveRecord: 0.3ms)


  [1m[35mSQL (14.3ms)[0m  [1m[35mCREATE EXTENSION IF NOT EXISTS "plpgsql"[0m
  [1m[35m (0.7ms)[0m  [1m[35mDROP TABLE IF EXISTS "books" CASCADE[0m
  [1m[35m (30.7ms)[0m  [1m[35mCREATE TABLE "books" ("id" bigserial primary key, "title" character varying NOT NULL, "author" character varying NOT NULL, "created_at" timestamp NOT NULL, "updated_at" timestamp NOT NULL)[0m
  [1m[35m (9.0ms)[0m  [1m[35mCREATE TABLE "schema_migrations" ("version" character varying NOT NULL PRIMARY KEY)[0m
  [1m[35m (1.3ms)[0m  [1m[34mSELECT "schema_migrations"."version" FROM "schema_migrations" ORDER BY "schema_migrations"."version" ASC[0m
  [1m[35m (3.9ms)[0m  [1m[32mINSERT INTO "schema_migrations" (version) VALUES (20170713170142)[0m
  [1m[35m (22.1ms)[0m  [1m[35mCREATE TABLE "ar_internal_metadata" ("key" character varying NOT NULL PRIMARY KEY, "value" character varying, "created_at" timestamp NOT NULL, "updated_at" timestamp NOT NULL)[0m
  [1m[36mActiveRecord::InternalMetadata Load (0.8ms)[0m  [1m[34mSELECT  "ar_internal_metadata".* FROM "ar_internal_metadata" WHERE "ar_internal_metadata"."key" = $1 LIMIT $2[0m  [["key", "environment"], ["LIMIT", 1]]
  [1m[35m (0.2ms)[0m  [1m[35mBEGIN[0m
  [1m[35mSQL (1.9ms)[0m  [1m[32mINSERT INTO "ar_internal_metadata" ("key", "value", "created_at", "updated_at") VALUES ($1, $2, $3, $4) RETURNING "key"[0m  [["key", "environment"], ["value", "development"], ["created_at", "2017-12-28 16:56:35.998608"], ["updated_at", "2017-12-28 16:56:35.998608"]]
  [1m[35m (1.4ms)[0m  [1m[35mCOMMIT[0m
  [1m[36mActiveRecord::InternalMetadata Load (0.4ms)[0m  [1m[34mSELECT  "ar_internal_metadata".* FROM "ar_internal_metadata" WHERE "ar_internal_metadata"."key" = $1 LIMIT $2[0m  [["key", "environment"], ["LIMIT", 1]]
  [1m[35m (0.2ms)[0m  [1m[35mBEGIN[0m
  [1m[35m (0.2ms)[0m  [1m[35mCOMMIT[0m
  [1m[35mSQL (0.4ms)[0m  [1m[35mCREATE EXTENSION IF NOT EXISTS "plpgsql"[0m
  [1m[35m (0.3ms)[0m  [1m[35mDROP TABLE IF EXISTS "books" CASCADE[0m
  [1m[35m (9.7ms)[0m  [1m[35mCREATE TABLE "books" ("id" bigserial primary key, "title" character varying NOT NULL, "author" character varying NOT NULL, "created_at" timestamp NOT NULL, "updated_at" timestamp NOT NULL)[0m
  [1m[35m (7.5ms)[0m  [1m[35mCREATE TABLE "schema_migrations" ("version" character varying NOT NULL PRIMARY KEY)[0m
  [1m[35m (0.9ms)[0m  [1m[34mSELECT "schema_migrations"."version" FROM "schema_migrations" ORDER BY "schema_migrations"."version" ASC[0m
  [1m[35m (1.5ms)[0m  [1m[32mINSERT INTO "schema_migrations" (version) VALUES (20170713170142)[0m
  [1m[35m (6.2ms)[0m  [1m[35mCREATE TABLE "ar_internal_metadata" ("key" character varying NOT NULL PRIMARY KEY, "value" character varying, "created_at" timestamp NOT NULL, "updated_at" timestamp NOT NULL)[0m
  [1m[36mActiveRecord::InternalMetadata Load (0.4ms)[0m  [1m[34mSELECT  "ar_internal_metadata".* FROM "ar_internal_metadata" WHERE "ar_internal_metadata"."key" = $1 LIMIT $2[0m  [["key", "environment"], ["LIMIT", 1]]
  [1m[35m (0.2ms)[0m  [1m[35mBEGIN[0m
  [1m[35mSQL (0.5ms)[0m  [1m[32mINSERT INTO "ar_internal_metadata" ("key", "value", "created_at", "updated_at") VALUES ($1, $2, $3, $4) RETURNING "key"[0m  [["key", "environment"], ["value", "development"], ["created_at", "2017-12-28 16:56:36.080845"], ["updated_at", "2017-12-28 16:56:36.080845"]]
  [1m[35m (1.1ms)[0m  [1m[35mCOMMIT[0m
  [1m[36mActiveRecord::InternalMetadata Load (0.7ms)[0m  [1m[34mSELECT  "ar_internal_metadata".* FROM "ar_internal_metadata" WHERE "ar_internal_metadata"."key" = $1 LIMIT $2[0m  [["key", "environment"], ["LIMIT", 1]]
  [1m[35m (0.3ms)[0m  [1m[35mBEGIN[0m
  [1m[35m (0.3ms)[0m  [1m[35mCOMMIT[0m
  [1m[35m (1.6ms)[0m  [1m[34mSELECT "schema_migrations"."version" FROM "schema_migrations" ORDER BY "schema_migrations"."version" ASC[0m
  [1m[35m (0.2ms)[0m  [1m[35mBEGIN[0m
  [1m[35mSQL (0.8ms)[0m  [1m[32mINSERT INTO "books" ("title", "author", "created_at", "updated_at") VALUES ($1, $2, $3, $4) RETURNING "id"[0m  [["title", "Harry Potter and the Order of the Phoenix"], ["author", "J.K. Rowling"], ["created_at", "2017-12-28 16:56:36.136230"], ["updated_at", "2017-12-28 16:56:36.136230"]]
  [1m[35m (1.4ms)[0m  [1m[35mCOMMIT[0m
  [1m[35m (0.1ms)[0m  [1m[35mBEGIN[0m
  [1m[35mSQL (0.8ms)[0m  [1m[32mINSERT INTO "books" ("title", "author", "created_at", "updated_at") VALUES ($1, $2, $3, $4) RETURNING "id"[0m  [["title", "Lost Names"], ["author", "Richard E. Kim"], ["created_at", "2017-12-28 16:56:36.140517"], ["updated_at", "2017-12-28 16:56:36.140517"]]
  [1m[35m (1.4ms)[0m  [1m[35mCOMMIT[0m
  [1m[35m (0.1ms)[0m  [1m[35mBEGIN[0m
  [1m[35mSQL (0.8ms)[0m  [1m[32mINSERT INTO "books" ("title", "author", "created_at", "updated_at") VALUES ($1, $2, $3, $4) RETURNING "id"[0m  [["title", "Extremely Loud and Incredibly Close"], ["author", "Jonathan Safran Foer"], ["created_at", "2017-12-28 16:56:36.144141"], ["updated_at", "2017-12-28 16:56:36.144141"]]
  [1m[35m (1.4ms)[0m  [1m[35mCOMMIT[0m
  [1m[35m (0.1ms)[0m  [1m[35mBEGIN[0m
  [1m[35mSQL (0.4ms)[0m  [1m[32mINSERT INTO "books" ("title", "author", "created_at", "updated_at") VALUES ($1, $2, $3, $4) RETURNING "id"[0m  [["title", "Man Alive"], ["author", "Thomas Page McBee"], ["created_at", "2017-12-28 16:56:36.147933"], ["updated_at", "2017-12-28 16:56:36.147933"]]
  [1m[35m (1.3ms)[0m  [1m[35mCOMMIT[0m
  [1m[35m (0.1ms)[0m  [1m[35mBEGIN[0m
  [1m[35mSQL (0.4ms)[0m  [1m[32mINSERT INTO "books" ("title", "author", "created_at", "updated_at") VALUES ($1, $2, $3, $4) RETURNING "id"[0m  [["title", "The Argonauts"], ["author", "Maggie Nelson"], ["created_at", "2017-12-28 16:56:36.151359"], ["updated_at", "2017-12-28 16:56:36.151359"]]
  [1m[35m (1.2ms)[0m  [1m[35mCOMMIT[0m
  [1m[35m (0.1ms)[0m  [1m[35mBEGIN[0m
  [1m[35mSQL (0.4ms)[0m  [1m[32mINSERT INTO "books" ("title", "author", "created_at", "updated_at") VALUES ($1, $2, $3, $4) RETURNING "id"[0m  [["title", "A Little Life"], ["author", "Hanya Yanagihara"], ["created_at", "2017-12-28 16:56:36.154838"], ["updated_at", "2017-12-28 16:56:36.154838"]]
  [1m[35m (1.3ms)[0m  [1m[35mCOMMIT[0m
  [1m[35m (0.1ms)[0m  [1m[35mBEGIN[0m
  [1m[35mSQL (0.4ms)[0m  [1m[32mINSERT INTO "books" ("title", "author", "created_at", "updated_at") VALUES ($1, $2, $3, $4) RETURNING "id"[0m  [["title", "The Sovereignty of Quiet"], ["author", "Kevin Everod Quashie"], ["created_at", "2017-12-28 16:56:36.158383"], ["updated_at", "2017-12-28 16:56:36.158383"]]
  [1m[35m (1.2ms)[0m  [1m[35mCOMMIT[0m
  [1m[35m (0.1ms)[0m  [1m[35mBEGIN[0m
  [1m[35mSQL (0.4ms)[0m  [1m[32mINSERT INTO "books" ("title", "author", "created_at", "updated_at") VALUES ($1, $2, $3, $4) RETURNING "id"[0m  [["title", "Redefining Realness"], ["author", "Janet Mock"], ["created_at", "2017-12-28 16:56:36.161821"], ["updated_at", "2017-12-28 16:56:36.161821"]]
  [1m[35m (1.4ms)[0m  [1m[35mCOMMIT[0m
Started GET "/books" for 127.0.0.1 at 2017-12-29 07:55:14 -0800
  [1m[35m (3.5ms)[0m  [1m[34mSELECT "schema_migrations"."version" FROM "schema_migrations" ORDER BY "schema_migrations"."version" ASC[0m
Processing by BooksController#index as HTML
  Rendering books/index.html.erb within layouts/application
  Rendered books/index.html.erb within layouts/application (9.6ms)
Completed 500 Internal Server Error in 44ms (ActiveRecord: 0.0ms)


  
ActionView::Template::Error (undefined method `each' for nil:NilClass):
    1: <h1>Books</h1>
    2: 
    3: <ul>
    4:   <% @books.each do |book| %>
    5:     <li><%= book.title %> by <%= book.author %></li>
    6:     <%= button_to "delete", book_url(book), method: :delete %>
    7:     <br>
  
app/views/books/index.html.erb:4:in `_app_views_books_index_html_erb___1842763422222389389_70275455109480'
Started GET "/books" for 127.0.0.1 at 2017-12-30 21:08:53 -0800
Processing by BooksController#index as HTML
Completed 200 OK in 3ms (Views: 1.1ms | ActiveRecord: 0.0ms)


Started GET "/books" for 127.0.0.1 at 2017-12-30 21:09:14 -0800
Processing by BooksController#index as HTML
  Rendering books/index.html.erb within layouts/application
  Rendered books/index.html.erb within layouts/application (3.9ms)
Completed 500 Internal Server Error in 15ms (ActiveRecord: 0.0ms)


  
ActionView::Template::Error (undefined method `each' for nil:NilClass):
    1: <h1>Books</h1>
    2: 
    3: <ul>
    4:   <% @books.each do |book| %>
    5:     <li><%= book.title %> by <%= book.author %></li>
    6:     <%= button_to "delete", book_url(book), method: :delete %>
    7:     <br>
  
app/views/books/index.html.erb:4:in `_app_views_books_index_html_erb___1842763422222389389_70275455014460'
Started GET "/books" for 127.0.0.1 at 2017-12-30 21:15:20 -0800
Processing by BooksController#index as HTML
  Rendering books/index.html.erb within layouts/application
  Rendered books/index.html.erb within layouts/application (3.1ms)
Completed 500 Internal Server Error in 11ms (ActiveRecord: 0.0ms)


  
ActionView::Template::Error (undefined method `each' for nil:NilClass):
    1: <h1>Books</h1>
    2: 
    3: <ul>
    4:   <% @books.each do |book| %>
    5:     <li><%= book.title %> by <%= book.author %></li>
    6:     <%= button_to "delete", book_url(book), method: :delete %>
    7:     <br>
  
app/views/books/index.html.erb:4:in `_app_views_books_index_html_erb___1842763422222389389_70275419025760'
Started GET "/books" for 127.0.0.1 at 2017-12-30 21:15:26 -0800
Processing by BooksController#index as HTML
Completed 200 OK in 1ms (Views: 0.2ms | ActiveRecord: 0.0ms)


Started GET "/books" for 127.0.0.1 at 2017-12-30 22:40:10 -0800
Processing by BooksController#index as HTML
Completed 200 OK in 0ms (Views: 0.2ms | ActiveRecord: 0.0ms)


Started GET "/books" for 127.0.0.1 at 2017-12-30 22:41:48 -0800
Processing by BooksController#index as HTML
  Rendering books/index.html.erb within layouts/application
  [1m[36mBook Load (11.3ms)[0m  [1m[34mSELECT "books".* FROM "books"[0m
  Rendered books/index.html.erb within layouts/application (58.6ms)
Completed 200 OK in 486ms (Views: 435.9ms | ActiveRecord: 39.7ms)


Started DELETE "/books/1" for 127.0.0.1 at 2017-12-30 22:42:39 -0800
Processing by BooksController#destroy as HTML
  Parameters: {"authenticity_token"=>"tACoWluMMDadvVkUg5erMsstXdiRXkUKmaPqtFyJ7G2VjyGdwB3iOVo5f36v22SRjfFjj04W4I90k637OGpp3g==", "id"=>"1"}
No template found for BooksController#destroy, rendering head :no_content
Completed 204 No Content in 63ms (ActiveRecord: 0.0ms)


Started DELETE "/books/1" for 127.0.0.1 at 2017-12-30 22:43:33 -0800
Processing by BooksController#destroy as HTML
  Parameters: {"authenticity_token"=>"tACoWluMMDadvVkUg5erMsstXdiRXkUKmaPqtFyJ7G2VjyGdwB3iOVo5f36v22SRjfFjj04W4I90k637OGpp3g==", "id"=>"1"}
No template found for BooksController#destroy, rendering head :no_content
Completed 204 No Content in 65ms (ActiveRecord: 0.0ms)


Started DELETE "/books/1" for 127.0.0.1 at 2017-12-30 22:43:33 -0800
Processing by BooksController#destroy as HTML
  Parameters: {"authenticity_token"=>"tACoWluMMDadvVkUg5erMsstXdiRXkUKmaPqtFyJ7G2VjyGdwB3iOVo5f36v22SRjfFjj04W4I90k637OGpp3g==", "id"=>"1"}
No template found for BooksController#destroy, rendering head :no_content
Completed 204 No Content in 61ms (ActiveRecord: 0.0ms)


Started DELETE "/books/1" for 127.0.0.1 at 2017-12-30 22:46:35 -0800
Processing by BooksController#destroy as HTML
  Parameters: {"authenticity_token"=>"tACoWluMMDadvVkUg5erMsstXdiRXkUKmaPqtFyJ7G2VjyGdwB3iOVo5f36v22SRjfFjj04W4I90k637OGpp3g==", "id"=>"1"}
No template found for BooksController#destroy, rendering head :no_content
Completed 204 No Content in 65ms (ActiveRecord: 0.0ms)


Started DELETE "/books/1" for 127.0.0.1 at 2017-12-30 22:46:43 -0800
Processing by BooksController#destroy as HTML
  Parameters: {"authenticity_token"=>"tACoWluMMDadvVkUg5erMsstXdiRXkUKmaPqtFyJ7G2VjyGdwB3iOVo5f36v22SRjfFjj04W4I90k637OGpp3g==", "id"=>"1"}
No template found for BooksController#destroy, rendering head :no_content
Completed 204 No Content in 58ms (ActiveRecord: 0.0ms)


Started DELETE "/books/1" for 127.0.0.1 at 2017-12-30 22:46:44 -0800
Processing by BooksController#destroy as HTML
  Parameters: {"authenticity_token"=>"tACoWluMMDadvVkUg5erMsstXdiRXkUKmaPqtFyJ7G2VjyGdwB3iOVo5f36v22SRjfFjj04W4I90k637OGpp3g==", "id"=>"1"}
No template found for BooksController#destroy, rendering head :no_content
Completed 204 No Content in 62ms (ActiveRecord: 0.0ms)


Started DELETE "/books/1" for 127.0.0.1 at 2017-12-30 22:46:45 -0800
Processing by BooksController#destroy as HTML
  Parameters: {"authenticity_token"=>"tACoWluMMDadvVkUg5erMsstXdiRXkUKmaPqtFyJ7G2VjyGdwB3iOVo5f36v22SRjfFjj04W4I90k637OGpp3g==", "id"=>"1"}
No template found for BooksController#destroy, rendering head :no_content
Completed 204 No Content in 59ms (ActiveRecord: 0.0ms)


Started DELETE "/books/1" for 127.0.0.1 at 2017-12-30 22:46:49 -0800
Processing by BooksController#destroy as HTML
  Parameters: {"authenticity_token"=>"tACoWluMMDadvVkUg5erMsstXdiRXkUKmaPqtFyJ7G2VjyGdwB3iOVo5f36v22SRjfFjj04W4I90k637OGpp3g==", "id"=>"1"}
No template found for BooksController#destroy, rendering head :no_content
Completed 204 No Content in 68ms (ActiveRecord: 0.0ms)


Started DELETE "/books/1" for 127.0.0.1 at 2017-12-30 22:46:50 -0800
Processing by BooksController#destroy as HTML
  Parameters: {"authenticity_token"=>"tACoWluMMDadvVkUg5erMsstXdiRXkUKmaPqtFyJ7G2VjyGdwB3iOVo5f36v22SRjfFjj04W4I90k637OGpp3g==", "id"=>"1"}
No template found for BooksController#destroy, rendering head :no_content
Completed 204 No Content in 62ms (ActiveRecord: 0.0ms)


Started DELETE "/books/1" for 127.0.0.1 at 2017-12-30 22:46:50 -0800
Processing by BooksController#destroy as HTML
  Parameters: {"authenticity_token"=>"tACoWluMMDadvVkUg5erMsstXdiRXkUKmaPqtFyJ7G2VjyGdwB3iOVo5f36v22SRjfFjj04W4I90k637OGpp3g==", "id"=>"1"}
No template found for BooksController#destroy, rendering head :no_content
Completed 204 No Content in 61ms (ActiveRecord: 0.0ms)


Started DELETE "/books/1" for 127.0.0.1 at 2017-12-30 22:46:50 -0800
Processing by BooksController#destroy as HTML
  Parameters: {"authenticity_token"=>"tACoWluMMDadvVkUg5erMsstXdiRXkUKmaPqtFyJ7G2VjyGdwB3iOVo5f36v22SRjfFjj04W4I90k637OGpp3g==", "id"=>"1"}
No template found for BooksController#destroy, rendering head :no_content
Completed 204 No Content in 58ms (ActiveRecord: 0.0ms)


Started DELETE "/books/1" for 127.0.0.1 at 2017-12-30 22:46:51 -0800
Processing by BooksController#destroy as HTML
  Parameters: {"authenticity_token"=>"tACoWluMMDadvVkUg5erMsstXdiRXkUKmaPqtFyJ7G2VjyGdwB3iOVo5f36v22SRjfFjj04W4I90k637OGpp3g==", "id"=>"1"}
No template found for BooksController#destroy, rendering head :no_content
Completed 204 No Content in 64ms (ActiveRecord: 0.0ms)


Started DELETE "/books/1" for 127.0.0.1 at 2017-12-30 22:46:51 -0800
Processing by BooksController#destroy as HTML
  Parameters: {"authenticity_token"=>"tACoWluMMDadvVkUg5erMsstXdiRXkUKmaPqtFyJ7G2VjyGdwB3iOVo5f36v22SRjfFjj04W4I90k637OGpp3g==", "id"=>"1"}
No template found for BooksController#destroy, rendering head :no_content
Completed 204 No Content in 59ms (ActiveRecord: 0.0ms)


Started DELETE "/books/1" for 127.0.0.1 at 2017-12-30 22:46:54 -0800
Processing by BooksController#destroy as HTML
  Parameters: {"authenticity_token"=>"tACoWluMMDadvVkUg5erMsstXdiRXkUKmaPqtFyJ7G2VjyGdwB3iOVo5f36v22SRjfFjj04W4I90k637OGpp3g==", "id"=>"1"}
No template found for BooksController#destroy, rendering head :no_content
Completed 204 No Content in 61ms (ActiveRecord: 0.0ms)


Started DELETE "/books/2" for 127.0.0.1 at 2017-12-30 22:47:04 -0800
Processing by BooksController#destroy as HTML
  Parameters: {"authenticity_token"=>"tACoWluMMDadvVkUg5erMsstXdiRXkUKmaPqtFyJ7G2VjyGdwB3iOVo5f36v22SRjfFjj04W4I90k637OGpp3g==", "id"=>"2"}
No template found for BooksController#destroy, rendering head :no_content
Completed 204 No Content in 70ms (ActiveRecord: 0.0ms)


Started DELETE "/books/2" for 127.0.0.1 at 2017-12-30 22:47:05 -0800
Processing by BooksController#destroy as HTML
  Parameters: {"authenticity_token"=>"tACoWluMMDadvVkUg5erMsstXdiRXkUKmaPqtFyJ7G2VjyGdwB3iOVo5f36v22SRjfFjj04W4I90k637OGpp3g==", "id"=>"2"}
No template found for BooksController#destroy, rendering head :no_content
Completed 204 No Content in 62ms (ActiveRecord: 0.0ms)


Started DELETE "/books/2" for 127.0.0.1 at 2017-12-30 22:47:05 -0800
Processing by BooksController#destroy as HTML
  Parameters: {"authenticity_token"=>"tACoWluMMDadvVkUg5erMsstXdiRXkUKmaPqtFyJ7G2VjyGdwB3iOVo5f36v22SRjfFjj04W4I90k637OGpp3g==", "id"=>"2"}
No template found for BooksController#destroy, rendering head :no_content
Completed 204 No Content in 67ms (ActiveRecord: 0.0ms)


Started DELETE "/books/2" for 127.0.0.1 at 2017-12-30 22:47:05 -0800
Processing by BooksController#destroy as HTML
  Parameters: {"authenticity_token"=>"tACoWluMMDadvVkUg5erMsstXdiRXkUKmaPqtFyJ7G2VjyGdwB3iOVo5f36v22SRjfFjj04W4I90k637OGpp3g==", "id"=>"2"}
No template found for BooksController#destroy, rendering head :no_content
Completed 204 No Content in 62ms (ActiveRecord: 0.0ms)


Started DELETE "/books/2" for 127.0.0.1 at 2017-12-30 22:47:05 -0800
Processing by BooksController#destroy as HTML
  Parameters: {"authenticity_token"=>"tACoWluMMDadvVkUg5erMsstXdiRXkUKmaPqtFyJ7G2VjyGdwB3iOVo5f36v22SRjfFjj04W4I90k637OGpp3g==", "id"=>"2"}
No template found for BooksController#destroy, rendering head :no_content
Completed 204 No Content in 67ms (ActiveRecord: 0.0ms)


Started GET "/books/new" for 127.0.0.1 at 2017-12-30 22:47:08 -0800
  
ActionController::RoutingError (No route matches [GET] "/books/new"):
  
actionpack (5.1.2) lib/action_dispatch/middleware/debug_exceptions.rb:63:in `call'
web-console (3.5.1) lib/web_console/middleware.rb:135:in `call_app'
web-console (3.5.1) lib/web_console/middleware.rb:28:in `block in call'
web-console (3.5.1) lib/web_console/middleware.rb:18:in `catch'
web-console (3.5.1) lib/web_console/middleware.rb:18:in `call'
actionpack (5.1.2) lib/action_dispatch/middleware/show_exceptions.rb:31:in `call'
railties (5.1.2) lib/rails/rack/logger.rb:36:in `call_app'
railties (5.1.2) lib/rails/rack/logger.rb:24:in `block in call'
activesupport (5.1.2) lib/active_support/tagged_logging.rb:69:in `block in tagged'
activesupport (5.1.2) lib/active_support/tagged_logging.rb:26:in `tagged'
activesupport (5.1.2) lib/active_support/tagged_logging.rb:69:in `tagged'
railties (5.1.2) lib/rails/rack/logger.rb:24:in `call'
sprockets-rails (3.2.0) lib/sprockets/rails/quiet_assets.rb:13:in `call'
actionpack (5.1.2) lib/action_dispatch/middleware/remote_ip.rb:79:in `call'
actionpack (5.1.2) lib/action_dispatch/middleware/request_id.rb:25:in `call'
rack (2.0.3) lib/rack/method_override.rb:22:in `call'
rack (2.0.3) lib/rack/runtime.rb:22:in `call'
activesupport (5.1.2) lib/active_support/cache/strategy/local_cache_middleware.rb:27:in `call'
actionpack (5.1.2) lib/action_dispatch/middleware/executor.rb:12:in `call'
actionpack (5.1.2) lib/action_dispatch/middleware/static.rb:125:in `call'
rack (2.0.3) lib/rack/sendfile.rb:111:in `call'
railties (5.1.2) lib/rails/engine.rb:522:in `call'
puma (3.9.1) lib/puma/configuration.rb:224:in `call'
puma (3.9.1) lib/puma/server.rb:602:in `handle_request'
puma (3.9.1) lib/puma/server.rb:435:in `process_client'
puma (3.9.1) lib/puma/server.rb:299:in `block in run'
puma (3.9.1) lib/puma/thread_pool.rb:120:in `block in spawn_thread'
Started GET "/books" for 127.0.0.1 at 2017-12-30 22:47:11 -0800
Processing by BooksController#index as HTML
  Rendering books/index.html.erb within layouts/application
  [1m[36mBook Load (0.7ms)[0m  [1m[34mSELECT "books".* FROM "books"[0m
  Rendered books/index.html.erb within layouts/application (4.3ms)
Completed 200 OK in 24ms (Views: 20.2ms | ActiveRecord: 0.7ms)


Started GET "/books" for 127.0.0.1 at 2017-12-30 22:49:51 -0800
Processing by BooksController#index as HTML
  Rendering books/index.html.erb within layouts/application
  [1m[36mBook Load (0.4ms)[0m  [1m[34mSELECT "books".* FROM "books"[0m
  Rendered books/index.html.erb within layouts/application (16.0ms)
Completed 200 OK in 35ms (Views: 24.7ms | ActiveRecord: 6.3ms)


Started DELETE "/books/1" for 127.0.0.1 at 2017-12-30 22:49:53 -0800
Processing by BooksController#destroy as HTML
  Parameters: {"authenticity_token"=>"Ilf2p4S1+L1RWMBDn3fW7S72konuy2wDmlv1ln8I6mYD2H9gHyQqspbc5imzOxlOaCqs3jGDyYZ3a7LZG+tv1Q==", "id"=>"1"}
  [1m[36mBook Load (0.4ms)[0m  [1m[34mSELECT  "books".* FROM "books" WHERE "books"."id" = $1 LIMIT $2[0m  [["id", 1], ["LIMIT", 1]]
  [1m[35m (0.3ms)[0m  [1m[35mBEGIN[0m
  [1m[35mSQL (6.9ms)[0m  [1m[31mDELETE FROM "books" WHERE "books"."id" = $1[0m  [["id", 1]]
  [1m[35m (13.9ms)[0m  [1m[35mCOMMIT[0m
Redirected to http://localhost:3000/books
Completed 302 Found in 31ms (ActiveRecord: 21.7ms)


Started GET "/books" for 127.0.0.1 at 2017-12-30 22:49:53 -0800
Processing by BooksController#index as HTML
  Rendering books/index.html.erb within layouts/application
  [1m[36mBook Load (0.4ms)[0m  [1m[34mSELECT "books".* FROM "books"[0m
  Rendered books/index.html.erb within layouts/application (3.6ms)
Completed 200 OK in 24ms (Views: 20.4ms | ActiveRecord: 0.4ms)


Started DELETE "/books/2" for 127.0.0.1 at 2017-12-30 22:49:54 -0800
Processing by BooksController#destroy as HTML
  Parameters: {"authenticity_token"=>"HmNMBvoSo02uPVsxvC2JuF1Nlef7KV6Z3ddD90P5J0A/7MXBYYNxQmm5fVuQYUYbG5GrsCRh+xww5wS4Jxqi8w==", "id"=>"2"}
  [1m[36mBook Load (0.7ms)[0m  [1m[34mSELECT  "books".* FROM "books" WHERE "books"."id" = $1 LIMIT $2[0m  [["id", 2], ["LIMIT", 1]]
  [1m[35m (0.2ms)[0m  [1m[35mBEGIN[0m
  [1m[35mSQL (0.6ms)[0m  [1m[31mDELETE FROM "books" WHERE "books"."id" = $1[0m  [["id", 2]]
  [1m[35m (1.3ms)[0m  [1m[35mCOMMIT[0m
Redirected to http://localhost:3000/books
Completed 302 Found in 7ms (ActiveRecord: 2.8ms)


Started GET "/books" for 127.0.0.1 at 2017-12-30 22:49:54 -0800
Processing by BooksController#index as HTML
  Rendering books/index.html.erb within layouts/application
  [1m[36mBook Load (0.5ms)[0m  [1m[34mSELECT "books".* FROM "books"[0m
  Rendered books/index.html.erb within layouts/application (5.5ms)
Completed 200 OK in 24ms (Views: 22.0ms | ActiveRecord: 0.5ms)


Started DELETE "/books/3" for 127.0.0.1 at 2017-12-30 22:49:55 -0800
Processing by BooksController#destroy as HTML
  Parameters: {"authenticity_token"=>"HliBd8fZYHiIyfzrSEjwstnI4ke5Y8pMLozRDp1tG+c/1wiwXEiyd09N2oFkBD8RnxTcEGYrb8nDvJZB+Y6eVA==", "id"=>"3"}
  [1m[36mBook Load (0.8ms)[0m  [1m[34mSELECT  "books".* FROM "books" WHERE "books"."id" = $1 LIMIT $2[0m  [["id", 3], ["LIMIT", 1]]
  [1m[35m (0.2ms)[0m  [1m[35mBEGIN[0m
  [1m[35mSQL (0.5ms)[0m  [1m[31mDELETE FROM "books" WHERE "books"."id" = $1[0m  [["id", 3]]
  [1m[35m (1.3ms)[0m  [1m[35mCOMMIT[0m
Redirected to http://localhost:3000/books
Completed 302 Found in 7ms (ActiveRecord: 2.8ms)


Started GET "/books" for 127.0.0.1 at 2017-12-30 22:49:55 -0800
Processing by BooksController#index as HTML
  Rendering books/index.html.erb within layouts/application
  [1m[36mBook Load (0.7ms)[0m  [1m[34mSELECT "books".* FROM "books"[0m
  Rendered books/index.html.erb within layouts/application (3.6ms)
Completed 200 OK in 20ms (Views: 18.0ms | ActiveRecord: 0.7ms)


Started DELETE "/books/4" for 127.0.0.1 at 2017-12-30 22:49:55 -0800
Processing by BooksController#destroy as HTML
  Parameters: {"authenticity_token"=>"5J1jB4zN2avZUsDoQA6CKzJpzPVCFjh5RLYMiOSu3ynFEurAF1wLpB7W5oJsQk2IdLXyop1enfyphkvHgE1amg==", "id"=>"4"}
  [1m[36mBook Load (0.8ms)[0m  [1m[34mSELECT  "books".* FROM "books" WHERE "books"."id" = $1 LIMIT $2[0m  [["id", 4], ["LIMIT", 1]]
  [1m[35m (0.2ms)[0m  [1m[35mBEGIN[0m
  [1m[35mSQL (0.4ms)[0m  [1m[31mDELETE FROM "books" WHERE "books"."id" = $1[0m  [["id", 4]]
  [1m[35m (1.2ms)[0m  [1m[35mCOMMIT[0m
Redirected to http://localhost:3000/books
Completed 302 Found in 7ms (ActiveRecord: 2.7ms)


Started GET "/books" for 127.0.0.1 at 2017-12-30 22:49:56 -0800
Processing by BooksController#index as HTML
  Rendering books/index.html.erb within layouts/application
  [1m[36mBook Load (0.3ms)[0m  [1m[34mSELECT "books".* FROM "books"[0m
  Rendered books/index.html.erb within layouts/application (3.3ms)
Completed 200 OK in 22ms (Views: 19.9ms | ActiveRecord: 0.3ms)


Started DELETE "/books/5" for 127.0.0.1 at 2017-12-30 22:49:56 -0800
Processing by BooksController#destroy as HTML
  Parameters: {"authenticity_token"=>"VhfCZl9Hha2rsjIHhwNqa2oTtYLb8qfATd/r9+hbgcN3mEuhxNZXomw2FG2rT6XILM+L1QS6AkWg76y4jLgEcA==", "id"=>"5"}
  [1m[36mBook Load (0.7ms)[0m  [1m[34mSELECT  "books".* FROM "books" WHERE "books"."id" = $1 LIMIT $2[0m  [["id", 5], ["LIMIT", 1]]
  [1m[35m (0.2ms)[0m  [1m[35mBEGIN[0m
  [1m[35mSQL (0.4ms)[0m  [1m[31mDELETE FROM "books" WHERE "books"."id" = $1[0m  [["id", 5]]
  [1m[35m (1.2ms)[0m  [1m[35mCOMMIT[0m
Redirected to http://localhost:3000/books
Completed 302 Found in 6ms (ActiveRecord: 2.6ms)


Started GET "/books" for 127.0.0.1 at 2017-12-30 22:49:56 -0800
Processing by BooksController#index as HTML
  Rendering books/index.html.erb within layouts/application
  [1m[36mBook Load (0.5ms)[0m  [1m[34mSELECT "books".* FROM "books"[0m
  Rendered books/index.html.erb within layouts/application (2.9ms)
Completed 200 OK in 19ms (Views: 16.5ms | ActiveRecord: 0.5ms)


Started DELETE "/books/6" for 127.0.0.1 at 2017-12-30 22:49:57 -0800
Processing by BooksController#destroy as HTML
  Parameters: {"authenticity_token"=>"YYZCzQEI5d564/i36CiVRe6JaqXhqr1jKh/E1C03q5tACcsKmpk30b1n3t3EZFrmqFVU8j7iGObHL4ObSdQuKA==", "id"=>"6"}
  [1m[36mBook Load (0.7ms)[0m  [1m[34mSELECT  "books".* FROM "books" WHERE "books"."id" = $1 LIMIT $2[0m  [["id", 6], ["LIMIT", 1]]
  [1m[35m (0.2ms)[0m  [1m[35mBEGIN[0m
  [1m[35mSQL (0.5ms)[0m  [1m[31mDELETE FROM "books" WHERE "books"."id" = $1[0m  [["id", 6]]
  [1m[35m (1.1ms)[0m  [1m[35mCOMMIT[0m
Redirected to http://localhost:3000/books
Completed 302 Found in 7ms (ActiveRecord: 2.5ms)


Started GET "/books" for 127.0.0.1 at 2017-12-30 22:49:57 -0800
Processing by BooksController#index as HTML
  Rendering books/index.html.erb within layouts/application
  [1m[36mBook Load (0.4ms)[0m  [1m[34mSELECT "books".* FROM "books"[0m
  Rendered books/index.html.erb within layouts/application (3.1ms)
Completed 200 OK in 21ms (Views: 18.7ms | ActiveRecord: 0.4ms)


Started DELETE "/books/7" for 127.0.0.1 at 2017-12-30 22:49:57 -0800
Processing by BooksController#destroy as HTML
  Parameters: {"authenticity_token"=>"g+F4ixO66zHiNUFL1KO9WY9Cj+T22NQPkYd7LyVX0cOibvFMiCs5PiWxZyH473L6yZ6xsymQcYp8tzxgQbRUcA==", "id"=>"7"}
  [1m[36mBook Load (0.5ms)[0m  [1m[34mSELECT  "books".* FROM "books" WHERE "books"."id" = $1 LIMIT $2[0m  [["id", 7], ["LIMIT", 1]]
  [1m[35m (0.2ms)[0m  [1m[35mBEGIN[0m
  [1m[35mSQL (0.4ms)[0m  [1m[31mDELETE FROM "books" WHERE "books"."id" = $1[0m  [["id", 7]]
  [1m[35m (1.3ms)[0m  [1m[35mCOMMIT[0m
Redirected to http://localhost:3000/books
Completed 302 Found in 6ms (ActiveRecord: 2.5ms)


Started GET "/books" for 127.0.0.1 at 2017-12-30 22:49:57 -0800
Processing by BooksController#index as HTML
  Rendering books/index.html.erb within layouts/application
  [1m[36mBook Load (0.7ms)[0m  [1m[34mSELECT "books".* FROM "books"[0m
  Rendered books/index.html.erb within layouts/application (3.3ms)
Completed 200 OK in 28ms (Views: 25.5ms | ActiveRecord: 0.7ms)


Started DELETE "/books/8" for 127.0.0.1 at 2017-12-30 22:49:57 -0800
Processing by BooksController#destroy as HTML
  Parameters: {"authenticity_token"=>"o/xaZnfhx3nM9jgTc0ME4qDdd+Ezr9lau6+EKo9UFwaCc9Oh7HAVdgtyHnlfD8tB5gFJtuznfN9Wn8Nl67eStQ==", "id"=>"8"}
  [1m[36mBook Load (0.5ms)[0m  [1m[34mSELECT  "books".* FROM "books" WHERE "books"."id" = $1 LIMIT $2[0m  [["id", 8], ["LIMIT", 1]]
  [1m[35m (0.2ms)[0m  [1m[35mBEGIN[0m
  [1m[35mSQL (0.5ms)[0m  [1m[31mDELETE FROM "books" WHERE "books"."id" = $1[0m  [["id", 8]]
  [1m[35m (1.2ms)[0m  [1m[35mCOMMIT[0m
Redirected to http://localhost:3000/books
Completed 302 Found in 6ms (ActiveRecord: 2.4ms)


Started GET "/books" for 127.0.0.1 at 2017-12-30 22:49:57 -0800
Processing by BooksController#index as HTML
  Rendering books/index.html.erb within layouts/application
  [1m[36mBook Load (0.3ms)[0m  [1m[34mSELECT "books".* FROM "books"[0m
  Rendered books/index.html.erb within layouts/application (1.9ms)
Completed 200 OK in 18ms (Views: 16.0ms | ActiveRecord: 0.3ms)


Started GET "/books" for 127.0.0.1 at 2017-12-30 22:49:58 -0800
Processing by BooksController#index as HTML
  Rendering books/index.html.erb within layouts/application
  [1m[36mBook Load (0.3ms)[0m  [1m[34mSELECT "books".* FROM "books"[0m
  Rendered books/index.html.erb within layouts/application (1.6ms)
Completed 200 OK in 20ms (Views: 17.3ms | ActiveRecord: 0.3ms)


Started GET "/books" for 127.0.0.1 at 2017-12-30 22:49:59 -0800
Processing by BooksController#index as HTML
  Rendering books/index.html.erb within layouts/application
  [1m[36mBook Load (0.3ms)[0m  [1m[34mSELECT "books".* FROM "books"[0m
  Rendered books/index.html.erb within layouts/application (1.7ms)
Completed 200 OK in 20ms (Views: 17.1ms | ActiveRecord: 0.3ms)


Started GET "/books" for 127.0.0.1 at 2017-12-30 22:50:24 -0800
Processing by BooksController#index as HTML
  Rendering books/index.html.erb within layouts/application
  [1m[36mBook Load (0.4ms)[0m  [1m[34mSELECT "books".* FROM "books"[0m
  Rendered books/index.html.erb within layouts/application (2.8ms)
Completed 200 OK in 21ms (Views: 19.3ms | ActiveRecord: 0.4ms)


Started GET "/books" for 127.0.0.1 at 2017-12-30 22:50:24 -0800
Processing by BooksController#index as HTML
  Rendering books/index.html.erb within layouts/application
  [1m[36mBook Load (0.4ms)[0m  [1m[34mSELECT "books".* FROM "books"[0m
  Rendered books/index.html.erb within layouts/application (2.3ms)
Completed 200 OK in 20ms (Views: 17.6ms | ActiveRecord: 0.4ms)


Started GET "/books" for 127.0.0.1 at 2017-12-30 22:50:24 -0800
Processing by BooksController#index as HTML
  Rendering books/index.html.erb within layouts/application
  [1m[36mBook Load (0.3ms)[0m  [1m[34mSELECT "books".* FROM "books"[0m
  Rendered books/index.html.erb within layouts/application (1.7ms)
Completed 200 OK in 20ms (Views: 17.2ms | ActiveRecord: 0.3ms)


Started GET "/books" for 127.0.0.1 at 2017-12-30 22:50:25 -0800
Processing by BooksController#index as HTML
  Rendering books/index.html.erb within layouts/application
  [1m[36mBook Load (0.3ms)[0m  [1m[34mSELECT "books".* FROM "books"[0m
  Rendered books/index.html.erb within layouts/application (1.7ms)
Completed 200 OK in 25ms (Views: 21.0ms | ActiveRecord: 0.3ms)


Started GET "/books/new" for 127.0.0.1 at 2017-12-30 22:50:26 -0800
  
ActionController::RoutingError (No route matches [GET] "/books/new"):
  
actionpack (5.1.2) lib/action_dispatch/middleware/debug_exceptions.rb:63:in `call'
web-console (3.5.1) lib/web_console/middleware.rb:135:in `call_app'
web-console (3.5.1) lib/web_console/middleware.rb:28:in `block in call'
web-console (3.5.1) lib/web_console/middleware.rb:18:in `catch'
web-console (3.5.1) lib/web_console/middleware.rb:18:in `call'
actionpack (5.1.2) lib/action_dispatch/middleware/show_exceptions.rb:31:in `call'
railties (5.1.2) lib/rails/rack/logger.rb:36:in `call_app'
railties (5.1.2) lib/rails/rack/logger.rb:24:in `block in call'
activesupport (5.1.2) lib/active_support/tagged_logging.rb:69:in `block in tagged'
activesupport (5.1.2) lib/active_support/tagged_logging.rb:26:in `tagged'
activesupport (5.1.2) lib/active_support/tagged_logging.rb:69:in `tagged'
railties (5.1.2) lib/rails/rack/logger.rb:24:in `call'
sprockets-rails (3.2.0) lib/sprockets/rails/quiet_assets.rb:13:in `call'
actionpack (5.1.2) lib/action_dispatch/middleware/remote_ip.rb:79:in `call'
actionpack (5.1.2) lib/action_dispatch/middleware/request_id.rb:25:in `call'
rack (2.0.3) lib/rack/method_override.rb:22:in `call'
rack (2.0.3) lib/rack/runtime.rb:22:in `call'
activesupport (5.1.2) lib/active_support/cache/strategy/local_cache_middleware.rb:27:in `call'
actionpack (5.1.2) lib/action_dispatch/middleware/executor.rb:12:in `call'
actionpack (5.1.2) lib/action_dispatch/middleware/static.rb:125:in `call'
rack (2.0.3) lib/rack/sendfile.rb:111:in `call'
railties (5.1.2) lib/rails/engine.rb:522:in `call'
puma (3.9.1) lib/puma/configuration.rb:224:in `call'
puma (3.9.1) lib/puma/server.rb:602:in `handle_request'
puma (3.9.1) lib/puma/server.rb:435:in `process_client'
puma (3.9.1) lib/puma/server.rb:299:in `block in run'
puma (3.9.1) lib/puma/thread_pool.rb:120:in `block in spawn_thread'
Started GET "/books" for 127.0.0.1 at 2017-12-30 22:50:29 -0800
Processing by BooksController#index as HTML
  Rendering books/index.html.erb within layouts/application
  [1m[36mBook Load (0.5ms)[0m  [1m[34mSELECT "books".* FROM "books"[0m
  Rendered books/index.html.erb within layouts/application (2.5ms)
Completed 200 OK in 19ms (Views: 16.7ms | ActiveRecord: 0.5ms)


Started GET "/books" for 127.0.0.1 at 2017-12-30 22:55:16 -0800
Processing by BooksController#index as HTML
  Rendering books/index.html.erb within layouts/application
  [1m[36mBook Load (0.3ms)[0m  [1m[34mSELECT "books".* FROM "books"[0m
  Rendered books/index.html.erb within layouts/application (4.1ms)
Completed 200 OK in 26ms (Views: 21.5ms | ActiveRecord: 2.2ms)


Started GET "/books" for 127.0.0.1 at 2017-12-30 22:55:16 -0800
Processing by BooksController#index as HTML
  Rendering books/index.html.erb within layouts/application
  [1m[36mBook Load (0.3ms)[0m  [1m[34mSELECT "books".* FROM "books"[0m
  Rendered books/index.html.erb within layouts/application (1.7ms)
Completed 200 OK in 25ms (Views: 23.6ms | ActiveRecord: 0.3ms)


Started GET "/books/new" for 127.0.0.1 at 2017-12-30 22:55:17 -0800
Processing by BooksController#new as HTML
  Rendering books/new.html.erb within layouts/application
  Rendered books/new.html.erb within layouts/application (1.2ms)
Completed 200 OK in 28ms (Views: 27.5ms | ActiveRecord: 0.0ms)


Started POST "/books" for 127.0.0.1 at 2017-12-30 22:55:28 -0800
Processing by BooksController#create as HTML
  Parameters: {"authenticity_token"=>"Iv4XAnlJPvRPhqEfoif6xHmDDY+i/QcHie3iivCARj0DcZ7F4tjs+4gCh3WOazVnP18z2H21ooJk3aXFlGPDjg==", "book"=>{"title"=>"life", "author"=>"rewel"}}
No template found for BooksController#create, rendering head :no_content
Completed 204 No Content in 63ms (ActiveRecord: 0.0ms)


Started POST "/books" for 127.0.0.1 at 2017-12-30 22:57:33 -0800
Processing by BooksController#create as HTML
  Parameters: {"authenticity_token"=>"Iv4XAnlJPvRPhqEfoif6xHmDDY+i/QcHie3iivCARj0DcZ7F4tjs+4gCh3WOazVnP18z2H21ooJk3aXFlGPDjg==", "book"=>{"title"=>"life", "author"=>"rewel"}}
Redirected to http://localhost:3000/books
Completed 302 Found in 1ms (ActiveRecord: 0.0ms)


Started GET "/books" for 127.0.0.1 at 2017-12-30 22:57:33 -0800
Processing by BooksController#index as HTML
  Rendering books/index.html.erb within layouts/application
  [1m[36mBook Load (0.3ms)[0m  [1m[34mSELECT "books".* FROM "books"[0m
  Rendered books/index.html.erb within layouts/application (4.7ms)
Completed 200 OK in 24ms (Views: 18.3ms | ActiveRecord: 2.7ms)


Started GET "/books" for 127.0.0.1 at 2017-12-30 22:58:37 -0800
Processing by BooksController#index as HTML
  Rendering books/index.html.erb within layouts/application
  [1m[36mBook Load (0.3ms)[0m  [1m[34mSELECT "books".* FROM "books"[0m
  Rendered books/index.html.erb within layouts/application (2.3ms)
Completed 200 OK in 29ms (Views: 26.0ms | ActiveRecord: 0.3ms)


Started GET "/books/new" for 127.0.0.1 at 2017-12-30 22:58:38 -0800
Processing by BooksController#new as HTML
  Rendering books/new.html.erb within layouts/application
  Rendered books/new.html.erb within layouts/application (2.1ms)
Completed 200 OK in 28ms (Views: 27.1ms | ActiveRecord: 0.0ms)


Started POST "/books" for 127.0.0.1 at 2017-12-30 22:58:43 -0800
Processing by BooksController#create as HTML
  Parameters: {"authenticity_token"=>"c0HAMXfol9kvyKTij67kRc4PN9TU5vJ6RlfnvZ7YGTlSzkn27HlF1uhMgoij4ivmiNMJgwuuV/+rZ6Dy+jucig==", "book"=>{"title"=>"life", "author"=>"rgjr"}}
Redirected to http://localhost:3000/books
Completed 302 Found in 2ms (ActiveRecord: 0.0ms)


Started GET "/books" for 127.0.0.1 at 2017-12-30 22:58:43 -0800
Processing by BooksController#index as HTML
  Rendering books/index.html.erb within layouts/application
  [1m[36mBook Load (0.3ms)[0m  [1m[34mSELECT "books".* FROM "books"[0m
  Rendered books/index.html.erb within layouts/application (1.7ms)
Completed 200 OK in 17ms (Views: 16.2ms | ActiveRecord: 0.3ms)


Started GET "/books/new" for 127.0.0.1 at 2017-12-30 22:59:06 -0800
Processing by BooksController#new as HTML
  Rendering books/new.html.erb within layouts/application
  Rendered books/new.html.erb within layouts/application (0.9ms)
Completed 200 OK in 18ms (Views: 17.1ms | ActiveRecord: 0.0ms)


Started POST "/books" for 127.0.0.1 at 2017-12-30 22:59:09 -0800
Processing by BooksController#create as HTML
  Parameters: {"authenticity_token"=>"Lkn3vsqABr3eMzjEJbk+4bpov171vIUopcZlqBcPDlwPxn55URHUshm3Hq4J9fFC/LSBCSr0IK1I9iLnc+yL7w==", "book"=>{"title"=>"fds", "author"=>"sdfa"}}
Completed 500 Internal Server Error in 3ms (ActiveRecord: 0.0ms)


  
NoMethodError (undefined method `create' for #<ActionController::Parameters:0x00007fd48cc80dd0>):
  
app/controllers/books_controller.rb:15:in `create'
Started POST "/books" for 127.0.0.1 at 2017-12-30 23:00:01 -0800
Processing by BooksController#create as HTML
  Parameters: {"authenticity_token"=>"Lkn3vsqABr3eMzjEJbk+4bpov171vIUopcZlqBcPDlwPxn55URHUshm3Hq4J9fFC/LSBCSr0IK1I9iLnc+yL7w==", "book"=>{"title"=>"fds", "author"=>"sdfa"}}
  [1m[35m (0.2ms)[0m  [1m[35mBEGIN[0m
  [1m[35mSQL (2.8ms)[0m  [1m[32mINSERT INTO "books" ("title", "author", "created_at", "updated_at") VALUES ($1, $2, $3, $4) RETURNING "id"[0m  [["title", "fds"], ["author", "sdfa"], ["created_at", "2017-12-31 07:00:01.636127"], ["updated_at", "2017-12-31 07:00:01.636127"]]
  [1m[35m (1.6ms)[0m  [1m[35mCOMMIT[0m
Redirected to http://localhost:3000/books
Completed 302 Found in 22ms (ActiveRecord: 9.9ms)


Started GET "/books" for 127.0.0.1 at 2017-12-30 23:00:01 -0800
Processing by BooksController#index as HTML
  Rendering books/index.html.erb within layouts/application
  [1m[36mBook Load (0.3ms)[0m  [1m[34mSELECT "books".* FROM "books"[0m
  Rendered books/index.html.erb within layouts/application (2.2ms)
Completed 200 OK in 19ms (Views: 18.0ms | ActiveRecord: 0.3ms)


Started GET "/books/new" for 127.0.0.1 at 2017-12-30 23:00:04 -0800
Processing by BooksController#new as HTML
  Rendering books/new.html.erb within layouts/application
  Rendered books/new.html.erb within layouts/application (1.0ms)
Completed 200 OK in 28ms (Views: 27.6ms | ActiveRecord: 0.0ms)


Started POST "/books" for 127.0.0.1 at 2017-12-30 23:00:09 -0800
Processing by BooksController#create as HTML
  Parameters: {"authenticity_token"=>"LA8G/79tnzZ12gQNAoqZ91ghHO3iCSozCdCzrONRd+8NgI84JPxNObJeImcuxlZUHv0iuj1Bj7bk4PTjh7LyXA==", "book"=>{"title"=>"life", "author"=>"rgj2"}}
  [1m[35m (0.1ms)[0m  [1m[35mBEGIN[0m
  [1m[35mSQL (0.4ms)[0m  [1m[32mINSERT INTO "books" ("title", "author", "created_at", "updated_at") VALUES ($1, $2, $3, $4) RETURNING "id"[0m  [["title", "life"], ["author", "rgj2"], ["created_at", "2017-12-31 07:00:09.496486"], ["updated_at", "2017-12-31 07:00:09.496486"]]
  [1m[35m (6.5ms)[0m  [1m[35mCOMMIT[0m
Redirected to http://localhost:3000/books
Completed 302 Found in 11ms (ActiveRecord: 7.1ms)


Started GET "/books" for 127.0.0.1 at 2017-12-30 23:00:09 -0800
Processing by BooksController#index as HTML
  Rendering books/index.html.erb within layouts/application
  [1m[36mBook Load (0.4ms)[0m  [1m[34mSELECT "books".* FROM "books"[0m
  Rendered books/index.html.erb within layouts/application (2.3ms)
Completed 200 OK in 18ms (Views: 16.8ms | ActiveRecord: 0.4ms)


